  STexture.cpp
  Source.cpp
  SButton.cpp
  PlayMusic.cpp
  Page.cpp
  Functions.cpp
d:\project3\project3\functions.cpp(34): warning C4474: 'printf' : too many arguments passed for format string
  d:\project3\project3\functions.cpp(34): note: placeholders and their parameters expect 0 variadic arguments, but 1 were provided
d:\project3\project3\functions.cpp(240): warning C4244: 'argument': conversion from 'double' to 'int', possible loss of data
d:\project3\project3\functions.cpp(243): warning C4244: 'argument': conversion from 'double' to 'int', possible loss of data
  ClassVector.cpp
  ClassTexture.cpp
  ClassTargets.cpp
  ClassPacmenData.cpp
  ClassPacmen.cpp
  ClassMovingTexture.cpp
  ClassGhost.cpp
  ClassFood.cpp
  Generating Code...
d:\project3\project3\classpacmen.cpp(87): warning C4715: 'ClassPacmen::Operate': not all control paths return a value
d:\project3\project3\classtargets.cpp(43): warning C4715: 'ClassTargets::SetCollisionTargets': not all control paths return a value
d:\project3\project3\stexture.cpp(75): warning C4715: 'STexture::loadFromFile': not all control paths return a value
LINK : warning LNK4075: ignoring '/INCREMENTAL' due to '/FORCE' specification
ClassFood.obj : warning LNK4075: ignoring '/EDITANDCONTINUE' due to '/OPT:LBR' specification
Page.obj : warning LNK4006: "bool __cdecl FunctionIdentfiers::CheckCollision(struct SDL_Rect *,struct SDL_Rect *)" (?CheckCollision@FunctionIdentfiers@@YA_NPAUSDL_Rect@@0@Z) already defined in Functions.obj; second definition ignored
Page.obj : warning LNK4006: "void __cdecl FunctionIdentfiers::Close(void)" (?Close@FunctionIdentfiers@@YAXXZ) already defined in Functions.obj; second definition ignored
Page.obj : warning LNK4006: "int __cdecl FunctionIdentfiers::EntryLoop(void)" (?EntryLoop@FunctionIdentfiers@@YAHXZ) already defined in Functions.obj; second definition ignored
Page.obj : warning LNK4006: "void __cdecl Free(struct SDL_Surface *)" (?Free@@YAXPAUSDL_Surface@@@Z) already defined in Functions.obj; second definition ignored
Page.obj : warning LNK4006: "int __cdecl FunctionIdentfiers::Hello(char *)" (?Hello@FunctionIdentfiers@@YAHPAD@Z) already defined in Functions.obj; second definition ignored
Page.obj : warning LNK4006: "bool __cdecl FunctionIdentfiers::Initialisation(void)" (?Initialisation@FunctionIdentfiers@@YA_NXZ) already defined in Functions.obj; second definition ignored
Page.obj : warning LNK4006: "bool __cdecl FunctionIdentfiers::Pause(struct SDL_Renderer *)" (?Pause@FunctionIdentfiers@@YA_NPAUSDL_Renderer@@@Z) already defined in Functions.obj; second definition ignored
Page.obj : warning LNK4006: "void __cdecl FunctionIdentfiers::ShowRect(struct SDL_Rect *)" (?ShowRect@FunctionIdentfiers@@YAXPAUSDL_Rect@@@Z) already defined in Functions.obj; second definition ignored
Page.obj : warning LNK4006: "struct _Mix_Music * Music::ptr" (?ptr@Music@@3PAU_Mix_Music@@A) already defined in Functions.obj; second definition ignored
Page.obj : warning LNK4006: "struct SDL_Window * gWindow" (?gWindow@@3PAUSDL_Window@@A) already defined in Functions.obj; second definition ignored
Page.obj : warning LNK4006: "struct SDL_Renderer * gRenderer" (?gRenderer@@3PAUSDL_Renderer@@A) already defined in Functions.obj; second definition ignored
Page.obj : warning LNK4006: "union SDL_Event e" (?e@@3TSDL_Event@@A) already defined in Functions.obj; second definition ignored
Page.obj : warning LNK4006: "enum screen current_page" (?current_page@@3W4screen@@A) already defined in Functions.obj; second definition ignored
Page.obj : warning LNK4006: "class PlayMusic Begin" (?Begin@@3VPlayMusic@@A) already defined in Functions.obj; second definition ignored
Page.obj : warning LNK4006: "class PlayMusic Chomp" (?Chomp@@3VPlayMusic@@A) already defined in Functions.obj; second definition ignored
Page.obj : warning LNK4006: "class PlayMusic Eat" (?Eat@@3VPlayMusic@@A) already defined in Functions.obj; second definition ignored
Page.obj : warning LNK4006: "class PlayMusic Death" (?Death@@3VPlayMusic@@A) already defined in Functions.obj; second definition ignored
Page.obj : warning LNK4006: "class PlayMusic Inter" (?Inter@@3VPlayMusic@@A) already defined in Functions.obj; second definition ignored
Page.obj : warning LNK4006: "class PlayMusic Click" (?Click@@3VPlayMusic@@A) already defined in Functions.obj; second definition ignored
Page.obj : warning LNK4006: "class PlayMusic Hover" (?Hover@@3VPlayMusic@@A) already defined in Functions.obj; second definition ignored
Page.obj : warning LNK4006: "class PlayMusic Naruto_fighting_spirit" (?Naruto_fighting_spirit@@3VPlayMusic@@A) already defined in Functions.obj; second definition ignored
Page.obj : warning LNK4006: "class PlayMusic background_music" (?background_music@@3VPlayMusic@@A) already defined in Functions.obj; second definition ignored
PlayMusic.obj : warning LNK4006: "bool __cdecl FunctionIdentfiers::CheckCollision(struct SDL_Rect *,struct SDL_Rect *)" (?CheckCollision@FunctionIdentfiers@@YA_NPAUSDL_Rect@@0@Z) already defined in Functions.obj; second definition ignored
PlayMusic.obj : warning LNK4006: "void __cdecl FunctionIdentfiers::Close(void)" (?Close@FunctionIdentfiers@@YAXXZ) already defined in Functions.obj; second definition ignored
PlayMusic.obj : warning LNK4006: "int __cdecl FunctionIdentfiers::EntryLoop(void)" (?EntryLoop@FunctionIdentfiers@@YAHXZ) already defined in Functions.obj; second definition ignored
PlayMusic.obj : warning LNK4006: "void __cdecl Free(struct SDL_Surface *)" (?Free@@YAXPAUSDL_Surface@@@Z) already defined in Functions.obj; second definition ignored
PlayMusic.obj : warning LNK4006: "int __cdecl FunctionIdentfiers::Hello(char *)" (?Hello@FunctionIdentfiers@@YAHPAD@Z) already defined in Functions.obj; second definition ignored
PlayMusic.obj : warning LNK4006: "bool __cdecl FunctionIdentfiers::Initialisation(void)" (?Initialisation@FunctionIdentfiers@@YA_NXZ) already defined in Functions.obj; second definition ignored
PlayMusic.obj : warning LNK4006: "bool __cdecl FunctionIdentfiers::Pause(struct SDL_Renderer *)" (?Pause@FunctionIdentfiers@@YA_NPAUSDL_Renderer@@@Z) already defined in Functions.obj; second definition ignored
PlayMusic.obj : warning LNK4006: "void __cdecl FunctionIdentfiers::ShowRect(struct SDL_Rect *)" (?ShowRect@FunctionIdentfiers@@YAXPAUSDL_Rect@@@Z) already defined in Functions.obj; second definition ignored
PlayMusic.obj : warning LNK4006: "struct _Mix_Music * Music::ptr" (?ptr@Music@@3PAU_Mix_Music@@A) already defined in Functions.obj; second definition ignored
SButton.obj : warning LNK4006: "bool __cdecl FunctionIdentfiers::CheckCollision(struct SDL_Rect *,struct SDL_Rect *)" (?CheckCollision@FunctionIdentfiers@@YA_NPAUSDL_Rect@@0@Z) already defined in Functions.obj; second definition ignored
SButton.obj : warning LNK4006: "void __cdecl FunctionIdentfiers::Close(void)" (?Close@FunctionIdentfiers@@YAXXZ) already defined in Functions.obj; second definition ignored
SButton.obj : warning LNK4006: "int __cdecl FunctionIdentfiers::EntryLoop(void)" (?EntryLoop@FunctionIdentfiers@@YAHXZ) already defined in Functions.obj; second definition ignored
SButton.obj : warning LNK4006: "void __cdecl Free(struct SDL_Surface *)" (?Free@@YAXPAUSDL_Surface@@@Z) already defined in Functions.obj; second definition ignored
SButton.obj : warning LNK4006: "int __cdecl FunctionIdentfiers::Hello(char *)" (?Hello@FunctionIdentfiers@@YAHPAD@Z) already defined in Functions.obj; second definition ignored
SButton.obj : warning LNK4006: "bool __cdecl FunctionIdentfiers::Initialisation(void)" (?Initialisation@FunctionIdentfiers@@YA_NXZ) already defined in Functions.obj; second definition ignored
SButton.obj : warning LNK4006: "bool __cdecl FunctionIdentfiers::Pause(struct SDL_Renderer *)" (?Pause@FunctionIdentfiers@@YA_NPAUSDL_Renderer@@@Z) already defined in Functions.obj; second definition ignored
SButton.obj : warning LNK4006: "void __cdecl FunctionIdentfiers::ShowRect(struct SDL_Rect *)" (?ShowRect@FunctionIdentfiers@@YAXPAUSDL_Rect@@@Z) already defined in Functions.obj; second definition ignored
SButton.obj : warning LNK4006: "struct _Mix_Music * Music::ptr" (?ptr@Music@@3PAU_Mix_Music@@A) already defined in Functions.obj; second definition ignored
SButton.obj : warning LNK4006: "struct SDL_Window * gWindow" (?gWindow@@3PAUSDL_Window@@A) already defined in Functions.obj; second definition ignored
SButton.obj : warning LNK4006: "struct SDL_Renderer * gRenderer" (?gRenderer@@3PAUSDL_Renderer@@A) already defined in Functions.obj; second definition ignored
SButton.obj : warning LNK4006: "union SDL_Event e" (?e@@3TSDL_Event@@A) already defined in Functions.obj; second definition ignored
SButton.obj : warning LNK4006: "class PlayMusic Begin" (?Begin@@3VPlayMusic@@A) already defined in Functions.obj; second definition ignored
SButton.obj : warning LNK4006: "class PlayMusic Chomp" (?Chomp@@3VPlayMusic@@A) already defined in Functions.obj; second definition ignored
SButton.obj : warning LNK4006: "class PlayMusic Eat" (?Eat@@3VPlayMusic@@A) already defined in Functions.obj; second definition ignored
SButton.obj : warning LNK4006: "class PlayMusic Death" (?Death@@3VPlayMusic@@A) already defined in Functions.obj; second definition ignored
SButton.obj : warning LNK4006: "class PlayMusic Inter" (?Inter@@3VPlayMusic@@A) already defined in Functions.obj; second definition ignored
SButton.obj : warning LNK4006: "class PlayMusic Click" (?Click@@3VPlayMusic@@A) already defined in Functions.obj; second definition ignored
SButton.obj : warning LNK4006: "class PlayMusic Hover" (?Hover@@3VPlayMusic@@A) already defined in Functions.obj; second definition ignored
SButton.obj : warning LNK4006: "class PlayMusic Naruto_fighting_spirit" (?Naruto_fighting_spirit@@3VPlayMusic@@A) already defined in Functions.obj; second definition ignored
SButton.obj : warning LNK4006: "class PlayMusic background_music" (?background_music@@3VPlayMusic@@A) already defined in Functions.obj; second definition ignored
Source.obj : warning LNK4006: "bool __cdecl FunctionIdentfiers::CheckCollision(struct SDL_Rect *,struct SDL_Rect *)" (?CheckCollision@FunctionIdentfiers@@YA_NPAUSDL_Rect@@0@Z) already defined in Functions.obj; second definition ignored
Source.obj : warning LNK4006: "void __cdecl FunctionIdentfiers::Close(void)" (?Close@FunctionIdentfiers@@YAXXZ) already defined in Functions.obj; second definition ignored
Source.obj : warning LNK4006: "int __cdecl FunctionIdentfiers::EntryLoop(void)" (?EntryLoop@FunctionIdentfiers@@YAHXZ) already defined in Functions.obj; second definition ignored
Source.obj : warning LNK4006: "void __cdecl Free(struct SDL_Surface *)" (?Free@@YAXPAUSDL_Surface@@@Z) already defined in Functions.obj; second definition ignored
Source.obj : warning LNK4006: "int __cdecl FunctionIdentfiers::Hello(char *)" (?Hello@FunctionIdentfiers@@YAHPAD@Z) already defined in Functions.obj; second definition ignored
Source.obj : warning LNK4006: "bool __cdecl FunctionIdentfiers::Initialisation(void)" (?Initialisation@FunctionIdentfiers@@YA_NXZ) already defined in Functions.obj; second definition ignored
Source.obj : warning LNK4006: "bool __cdecl FunctionIdentfiers::Pause(struct SDL_Renderer *)" (?Pause@FunctionIdentfiers@@YA_NPAUSDL_Renderer@@@Z) already defined in Functions.obj; second definition ignored
Source.obj : warning LNK4006: "void __cdecl FunctionIdentfiers::ShowRect(struct SDL_Rect *)" (?ShowRect@FunctionIdentfiers@@YAXPAUSDL_Rect@@@Z) already defined in Functions.obj; second definition ignored
Source.obj : warning LNK4006: "struct _Mix_Music * Music::ptr" (?ptr@Music@@3PAU_Mix_Music@@A) already defined in Functions.obj; second definition ignored
Source.obj : warning LNK4006: "struct SDL_Window * gWindow" (?gWindow@@3PAUSDL_Window@@A) already defined in Functions.obj; second definition ignored
Source.obj : warning LNK4006: "struct SDL_Renderer * gRenderer" (?gRenderer@@3PAUSDL_Renderer@@A) already defined in Functions.obj; second definition ignored
Source.obj : warning LNK4006: "union SDL_Event e" (?e@@3TSDL_Event@@A) already defined in Functions.obj; second definition ignored
Source.obj : warning LNK4006: "enum screen current_page" (?current_page@@3W4screen@@A) already defined in Functions.obj; second definition ignored
Source.obj : warning LNK4006: "struct SDL_Rect Clip" (?Clip@@3USDL_Rect@@A) already defined in Functions.obj; second definition ignored
Source.obj : warning LNK4006: "unsigned short ticks" (?ticks@@3GA) already defined in Functions.obj; second definition ignored
Source.obj : warning LNK4006: "bool quit" (?quit@@3_NA) already defined in Functions.obj; second definition ignored
Source.obj : warning LNK4006: "enum winner Winner" (?Winner@@3W4winner@@A) already defined in Functions.obj; second definition ignored
Source.obj : warning LNK4006: "class PlayMusic Begin" (?Begin@@3VPlayMusic@@A) already defined in Functions.obj; second definition ignored
Source.obj : warning LNK4006: "class PlayMusic Chomp" (?Chomp@@3VPlayMusic@@A) already defined in Functions.obj; second definition ignored
Source.obj : warning LNK4006: "class PlayMusic Eat" (?Eat@@3VPlayMusic@@A) already defined in Functions.obj; second definition ignored
Source.obj : warning LNK4006: "class PlayMusic Death" (?Death@@3VPlayMusic@@A) already defined in Functions.obj; second definition ignored
Source.obj : warning LNK4006: "class PlayMusic Inter" (?Inter@@3VPlayMusic@@A) already defined in Functions.obj; second definition ignored
Source.obj : warning LNK4006: "class PlayMusic Click" (?Click@@3VPlayMusic@@A) already defined in Functions.obj; second definition ignored
Source.obj : warning LNK4006: "class PlayMusic Hover" (?Hover@@3VPlayMusic@@A) already defined in Functions.obj; second definition ignored
Source.obj : warning LNK4006: "class PlayMusic Naruto_fighting_spirit" (?Naruto_fighting_spirit@@3VPlayMusic@@A) already defined in Functions.obj; second definition ignored
Source.obj : warning LNK4006: "class PlayMusic background_music" (?background_music@@3VPlayMusic@@A) already defined in Functions.obj; second definition ignored
Source.obj : warning LNK4006: "class Page StartPage" (?StartPage@@3VPage@@A) already defined in Functions.obj; second definition ignored
Source.obj : warning LNK4006: "class Page MenuPage" (?MenuPage@@3VPage@@A) already defined in Functions.obj; second definition ignored
Source.obj : warning LNK4006: "class Page VsPage" (?VsPage@@3VPage@@A) already defined in Functions.obj; second definition ignored
Source.obj : warning LNK4006: "class Page GamePage" (?GamePage@@3VPage@@A) already defined in Functions.obj; second definition ignored
Source.obj : warning LNK4006: "class Page WinPage" (?WinPage@@3VPage@@A) already defined in Functions.obj; second definition ignored
Source.obj : warning LNK4006: "class Page HowtoPlayPage" (?HowtoPlayPage@@3VPage@@A) already defined in Functions.obj; second definition ignored
Source.obj : warning LNK4006: "class Page Aboutpage" (?Aboutpage@@3VPage@@A) already defined in Functions.obj; second definition ignored
STexture.obj : warning LNK4006: "bool __cdecl FunctionIdentfiers::CheckCollision(struct SDL_Rect *,struct SDL_Rect *)" (?CheckCollision@FunctionIdentfiers@@YA_NPAUSDL_Rect@@0@Z) already defined in Functions.obj; second definition ignored
STexture.obj : warning LNK4006: "void __cdecl FunctionIdentfiers::Close(void)" (?Close@FunctionIdentfiers@@YAXXZ) already defined in Functions.obj; second definition ignored
STexture.obj : warning LNK4006: "int __cdecl FunctionIdentfiers::EntryLoop(void)" (?EntryLoop@FunctionIdentfiers@@YAHXZ) already defined in Functions.obj; second definition ignored
STexture.obj : warning LNK4006: "void __cdecl Free(struct SDL_Surface *)" (?Free@@YAXPAUSDL_Surface@@@Z) already defined in Functions.obj; second definition ignored
STexture.obj : warning LNK4006: "int __cdecl FunctionIdentfiers::Hello(char *)" (?Hello@FunctionIdentfiers@@YAHPAD@Z) already defined in Functions.obj; second definition ignored
STexture.obj : warning LNK4006: "bool __cdecl FunctionIdentfiers::Initialisation(void)" (?Initialisation@FunctionIdentfiers@@YA_NXZ) already defined in Functions.obj; second definition ignored
STexture.obj : warning LNK4006: "bool __cdecl FunctionIdentfiers::Pause(struct SDL_Renderer *)" (?Pause@FunctionIdentfiers@@YA_NPAUSDL_Renderer@@@Z) already defined in Functions.obj; second definition ignored
STexture.obj : warning LNK4006: "void __cdecl FunctionIdentfiers::ShowRect(struct SDL_Rect *)" (?ShowRect@FunctionIdentfiers@@YAXPAUSDL_Rect@@@Z) already defined in Functions.obj; second definition ignored
STexture.obj : warning LNK4006: "struct _Mix_Music * Music::ptr" (?ptr@Music@@3PAU_Mix_Music@@A) already defined in Functions.obj; second definition ignored
STexture.obj : warning LNK4006: "struct SDL_Window * gWindow" (?gWindow@@3PAUSDL_Window@@A) already defined in Functions.obj; second definition ignored
STexture.obj : warning LNK4006: "struct SDL_Renderer * gRenderer" (?gRenderer@@3PAUSDL_Renderer@@A) already defined in Functions.obj; second definition ignored
STexture.obj : warning LNK4006: "class PlayMusic Begin" (?Begin@@3VPlayMusic@@A) already defined in Functions.obj; second definition ignored
STexture.obj : warning LNK4006: "class PlayMusic Chomp" (?Chomp@@3VPlayMusic@@A) already defined in Functions.obj; second definition ignored
STexture.obj : warning LNK4006: "class PlayMusic Eat" (?Eat@@3VPlayMusic@@A) already defined in Functions.obj; second definition ignored
STexture.obj : warning LNK4006: "class PlayMusic Death" (?Death@@3VPlayMusic@@A) already defined in Functions.obj; second definition ignored
STexture.obj : warning LNK4006: "class PlayMusic Inter" (?Inter@@3VPlayMusic@@A) already defined in Functions.obj; second definition ignored
STexture.obj : warning LNK4006: "class PlayMusic Click" (?Click@@3VPlayMusic@@A) already defined in Functions.obj; second definition ignored
STexture.obj : warning LNK4006: "class PlayMusic Hover" (?Hover@@3VPlayMusic@@A) already defined in Functions.obj; second definition ignored
STexture.obj : warning LNK4006: "class PlayMusic Naruto_fighting_spirit" (?Naruto_fighting_spirit@@3VPlayMusic@@A) already defined in Functions.obj; second definition ignored
STexture.obj : warning LNK4006: "class PlayMusic background_music" (?background_music@@3VPlayMusic@@A) already defined in Functions.obj; second definition ignored
D:\Project3\Debug\Project3.exe : warning LNK4088: image being generated due to /FORCE option; image may not run
  Project3.vcxproj -> D:\Project3\Debug\Project3.exe
