c:\users\bibek shrestha\desktop\project3\debug\project3.bsc
c:\users\bibek shrestha\desktop\project3\project3\debug\vc140.pdb
c:\users\bibek shrestha\desktop\project3\project3\debug\vc140.idb
c:\users\bibek shrestha\desktop\project3\project3\debug\stexture.sbr
c:\users\bibek shrestha\desktop\project3\project3\debug\source.sbr
c:\users\bibek shrestha\desktop\project3\project3\debug\sbutton.sbr
c:\users\bibek shrestha\desktop\project3\project3\debug\playmusic.sbr
c:\users\bibek shrestha\desktop\project3\project3\debug\page.sbr
c:\users\bibek shrestha\desktop\project3\project3\debug\functions.sbr
c:\users\bibek shrestha\desktop\project3\project3\debug\classvector.sbr
c:\users\bibek shrestha\desktop\project3\project3\debug\classtexture.sbr
c:\users\bibek shrestha\desktop\project3\project3\debug\classtargets.sbr
c:\users\bibek shrestha\desktop\project3\project3\debug\classpacmendata.sbr
c:\users\bibek shrestha\desktop\project3\project3\debug\classpacmen.sbr
c:\users\bibek shrestha\desktop\project3\project3\debug\classmovingtexture.sbr
c:\users\bibek shrestha\desktop\project3\project3\debug\classghost.sbr
c:\users\bibek shrestha\desktop\project3\project3\debug\classfood.sbr
c:\users\bibek shrestha\desktop\project3\project3\debug\classfood.obj
c:\users\bibek shrestha\desktop\project3\project3\debug\classghost.obj
c:\users\bibek shrestha\desktop\project3\project3\debug\classmovingtexture.obj
c:\users\bibek shrestha\desktop\project3\project3\debug\classpacmen.obj
c:\users\bibek shrestha\desktop\project3\project3\debug\classpacmendata.obj
c:\users\bibek shrestha\desktop\project3\project3\debug\classtargets.obj
c:\users\bibek shrestha\desktop\project3\project3\debug\classtexture.obj
c:\users\bibek shrestha\desktop\project3\project3\debug\classvector.obj
c:\users\bibek shrestha\desktop\project3\project3\debug\functions.obj
c:\users\bibek shrestha\desktop\project3\project3\debug\page.obj
c:\users\bibek shrestha\desktop\project3\project3\debug\playmusic.obj
c:\users\bibek shrestha\desktop\project3\project3\debug\sbutton.obj
c:\users\bibek shrestha\desktop\project3\project3\debug\source.obj
c:\users\bibek shrestha\desktop\project3\project3\debug\stexture.obj
c:\users\bibek shrestha\desktop\project3\debug\project3.exe
c:\users\bibek shrestha\desktop\project3\debug\project3.pdb
c:\users\bibek shrestha\desktop\project3\project3\debug\project3.res
c:\users\bibek shrestha\desktop\project3\project3\debug\project3.tlog\bscmake.command.1.tlog
c:\users\bibek shrestha\desktop\project3\project3\debug\project3.tlog\bscmake.read.1.tlog
c:\users\bibek shrestha\desktop\project3\project3\debug\project3.tlog\bscmake.write.1.tlog
c:\users\bibek shrestha\desktop\project3\project3\debug\project3.tlog\cl.command.1.tlog
c:\users\bibek shrestha\desktop\project3\project3\debug\project3.tlog\cl.read.1.tlog
c:\users\bibek shrestha\desktop\project3\project3\debug\project3.tlog\cl.write.1.tlog
c:\users\bibek shrestha\desktop\project3\project3\debug\project3.tlog\link.command.1.tlog
c:\users\bibek shrestha\desktop\project3\project3\debug\project3.tlog\link.read.1.tlog
c:\users\bibek shrestha\desktop\project3\project3\debug\project3.tlog\link.write.1.tlog
c:\users\bibek shrestha\desktop\project3\project3\debug\project3.tlog\rc.command.1.tlog
c:\users\bibek shrestha\desktop\project3\project3\debug\project3.tlog\rc.read.1.tlog
c:\users\bibek shrestha\desktop\project3\project3\debug\project3.tlog\rc.write.1.tlog
