c:\users\rajesh\documents\visual studio 2013\projects\project3\release\project3.bsc
c:\users\rajesh\documents\visual studio 2013\projects\project3\project3\release\vc120.pdb
c:\users\rajesh\documents\visual studio 2013\projects\project3\project3\release\source.obj
c:\users\rajesh\documents\visual studio 2013\projects\project3\project3\release\stexture.obj
c:\users\rajesh\documents\visual studio 2013\projects\project3\project3\release\functions.sbr
c:\users\rajesh\documents\visual studio 2013\projects\project3\project3\release\page.sbr
c:\users\rajesh\documents\visual studio 2013\projects\project3\project3\release\playmusic.sbr
c:\users\rajesh\documents\visual studio 2013\projects\project3\project3\release\sbutton.sbr
c:\users\rajesh\documents\visual studio 2013\projects\project3\project3\release\source.sbr
c:\users\rajesh\documents\visual studio 2013\projects\project3\project3\release\stexture.sbr
c:\users\rajesh\documents\visual studio 2013\projects\project3\project3\release\sbutton.obj
c:\users\rajesh\documents\visual studio 2013\projects\project3\project3\release\playmusic.obj
c:\users\rajesh\documents\visual studio 2013\projects\project3\project3\release\page.obj
c:\users\rajesh\documents\visual studio 2013\projects\project3\project3\release\functions.obj
c:\users\rajesh\documents\visual studio 2013\projects\project3\project3\release\classfood.sbr
c:\users\rajesh\documents\visual studio 2013\projects\project3\project3\release\classghost.sbr
c:\users\rajesh\documents\visual studio 2013\projects\project3\project3\release\classmotion.sbr
c:\users\rajesh\documents\visual studio 2013\projects\project3\project3\release\classmovingtexture.sbr
c:\users\rajesh\documents\visual studio 2013\projects\project3\project3\release\classpacmen.sbr
c:\users\rajesh\documents\visual studio 2013\projects\project3\project3\release\classpacmendata.sbr
c:\users\rajesh\documents\visual studio 2013\projects\project3\project3\release\classtexture.sbr
c:\users\rajesh\documents\visual studio 2013\projects\project3\project3\release\classvector.sbr
c:\users\rajesh\documents\visual studio 2013\projects\project3\project3\release\classvector.obj
c:\users\rajesh\documents\visual studio 2013\projects\project3\project3\release\classtargets.sbr
c:\users\rajesh\documents\visual studio 2013\projects\project3\project3\release\classtexture.obj
c:\users\rajesh\documents\visual studio 2013\projects\project3\project3\release\classtargets.obj
c:\users\rajesh\documents\visual studio 2013\projects\project3\project3\release\classpacmendata.obj
c:\users\rajesh\documents\visual studio 2013\projects\project3\project3\release\classpacmen.obj
c:\users\rajesh\documents\visual studio 2013\projects\project3\project3\release\classmovingtexture.obj
c:\users\rajesh\documents\visual studio 2013\projects\project3\project3\release\classghost.obj
c:\users\rajesh\documents\visual studio 2013\projects\project3\project3\release\classfood.obj
c:\users\rajesh\documents\visual studio 2013\projects\project3\release\project3.exe
c:\users\rajesh\documents\visual studio 2013\projects\project3\release\project3.pdb
c:\users\rajesh\documents\visual studio 2013\projects\project3\project3\release\project3.res
c:\users\rajesh\documents\visual studio 2013\projects\project3\project3\release\project3.tlog\bscmake.command.1.tlog
c:\users\rajesh\documents\visual studio 2013\projects\project3\project3\release\project3.tlog\bscmake.read.1.tlog
c:\users\rajesh\documents\visual studio 2013\projects\project3\project3\release\project3.tlog\bscmake.write.1.tlog
c:\users\rajesh\documents\visual studio 2013\projects\project3\project3\release\project3.tlog\cl.command.1.tlog
c:\users\rajesh\documents\visual studio 2013\projects\project3\project3\release\project3.tlog\cl.read.1.tlog
c:\users\rajesh\documents\visual studio 2013\projects\project3\project3\release\project3.tlog\cl.write.1.tlog
c:\users\rajesh\documents\visual studio 2013\projects\project3\project3\release\project3.tlog\link.command.1.tlog
c:\users\rajesh\documents\visual studio 2013\projects\project3\project3\release\project3.tlog\link.read.1.tlog
c:\users\rajesh\documents\visual studio 2013\projects\project3\project3\release\project3.tlog\link.write.1.tlog
c:\users\rajesh\documents\visual studio 2013\projects\project3\project3\release\project3.tlog\rc.command.1.tlog
c:\users\rajesh\documents\visual studio 2013\projects\project3\project3\release\project3.tlog\rc.read.1.tlog
c:\users\rajesh\documents\visual studio 2013\projects\project3\project3\release\project3.tlog\rc.write.1.tlog
